
> frontend@1.0.0 start
> react-scripts start

Starting the development server...

Compiled successfully!

You can now view frontend in the browser.

  Local:            http://localhost:3000
  On Your Network:  http://192.168.43.81:3000

Note that the development build is not optimized.
To create a production build, use npm run build.

webpack compiled [1m[32msuccessfully[39m[22m
Files successfully emitted, waiting for typecheck results...
Issues checking in progress...
No issues found.
Compiling...
Compiled successfully!
webpack compiled [1m[32msuccessfully[39m[22m
Files successfully emitted, waiting for typecheck results...
Issues checking in progress...
No issues found.
Compiling...
Compiled successfully!
webpack compiled [1m[32msuccessfully[39m[22m
Files successfully emitted, waiting for typecheck results...
Issues checking in progress...
No issues found.
Compiling...
Compiled successfully!
webpack compiled [1m[32msuccessfully[39m[22m
Files successfully emitted, waiting for typecheck results...
Issues checking in progress...
No issues found.
Compiling...
Compiled successfully!
webpack compiled [1m[32msuccessfully[39m[22m
No issues found.
Compiling...
Compiled successfully!
webpack compiled [1m[32msuccessfully[39m[22m
Files successfully emitted, waiting for typecheck results...
Issues checking in progress...
No issues found.
Compiling...
Compiled successfully!
webpack compiled [1m[32msuccessfully[39m[22m
No issues found.
Failed to compile.

Module not found: Error: Can't resolve '../components/AIAssistantPanel' in 'C:\Users\austo\Downloads\PROJECT WORK\frontend\src\pages'
[1m[31mERROR[39m[22m in [1m./src/pages/DashboardPage.tsx[39m[22m [1m[32m9:0-62[39m[22m
[1mModule [1m[31mnot found[39m[22m[1m: [1m[31mError[39m[22m[1m: Can't resolve '../components/AIAssistantPanel' in 'C:\Users\austo\Downloads\PROJECT WORK\frontend\src\pages'[39m[22m

webpack compiled with [1m[31m1 error[39m[22m
Files successfully emitted, waiting for typecheck results...
Issues checking in progress...
Compiling...
Compiled successfully!
webpack compiled [1m[32msuccessfully[39m[22m
Files successfully emitted, waiting for typecheck results...
Issues checking in progress...
No issues found.
Failed to compile.

Module not found: Error: Can't resolve '../scannerService' in 'C:\Users\austo\Downloads\PROJECT WORK\frontend\src\pages'
[1m[31mERROR[39m[22m in [1m./src/pages/AttendancePage.tsx[39m[22m [1m[32m7:0-51[39m[22m
[1mModule [1m[31mnot found[39m[22m[1m: [1m[31mError[39m[22m[1m: Can't resolve '../scannerService' in 'C:\Users\austo\Downloads\PROJECT WORK\frontend\src\pages'[39m[22m

[1m[31mERROR[39m[22m in [1m./src/pages/FingerprintEnrollmentPage.tsx[39m[22m [1m[32m7:0-51[39m[22m
[1mModule [1m[31mnot found[39m[22m[1m: [1m[31mError[39m[22m[1m: Can't resolve '../scannerService' in 'C:\Users\austo\Downloads\PROJECT WORK\frontend\src\pages'[39m[22m

webpack compiled with [1m[31m2 errors[39m[22m
Files successfully emitted, waiting for typecheck results...
Issues checking in progress...
Compiling...
Compiled successfully!
webpack compiled [1m[32msuccessfully[39m[22m
Files successfully emitted, waiting for typecheck results...
Issues checking in progress...
Compiling...
Compiled successfully!
webpack compiled [1m[32msuccessfully[39m[22m
Failed to compile.

Module not found: Error: Can't resolve './pages/AttendancePage' in 'C:\Users\austo\Downloads\PROJECT WORK\frontend\src'
[1m[31mERROR[39m[22m in [1m./src/App.tsx[39m[22m [1m[32m14:0-52[39m[22m
[1mModule [1m[31mnot found[39m[22m[1m: [1m[31mError[39m[22m[1m: Can't resolve './pages/AttendancePage' in 'C:\Users\austo\Downloads\PROJECT WORK\frontend\src'[39m[22m

webpack compiled with [1m[31m1 error[39m[22m
Files successfully emitted, waiting for typecheck results...
Issues checking in progress...
Compiling...
Compiled successfully!
webpack compiled [1m[32msuccessfully[39m[22m
Failed to compile.

Module not found: Error: Can't resolve './pages/FingerprintEnrollmentPage' in 'C:\Users\austo\Downloads\PROJECT WORK\frontend\src'
[1m[31mERROR[39m[22m in [1m./src/App.tsx[39m[22m [1m[32m12:0-74[39m[22m
[1mModule [1m[31mnot found[39m[22m[1m: [1m[31mError[39m[22m[1m: Can't resolve './pages/FingerprintEnrollmentPage' in 'C:\Users\austo\Downloads\PROJECT WORK\frontend\src'[39m[22m

webpack compiled with [1m[31m1 error[39m[22m
Files successfully emitted, waiting for typecheck results...
Issues checking in progress...
Compiling...
Compiled successfully!
webpack compiled [1m[32msuccessfully[39m[22m
Files successfully emitted, waiting for typecheck results...
Issues checking in progress...
Compiling...
Compiled successfully!
webpack compiled [1m[32msuccessfully[39m[22m
Files successfully emitted, waiting for typecheck results...
Issues checking in progress...
No issues found.
Failed to compile.

Module not found: Error: Can't resolve '../scannerService' in 'C:\Users\austo\Downloads\PROJECT WORK\frontend\src\pages'
[1m[31mERROR[39m[22m in [1m./src/pages/AttendancePage.tsx[39m[22m [1m[32m7:0-51[39m[22m
[1mModule [1m[31mnot found[39m[22m[1m: [1m[31mError[39m[22m[1m: Can't resolve '../scannerService' in 'C:\Users\austo\Downloads\PROJECT WORK\frontend\src\pages'[39m[22m

[1m[31mERROR[39m[22m in [1m./src/pages/FingerprintEnrollmentPage.tsx[39m[22m [1m[32m7:0-51[39m[22m
[1mModule [1m[31mnot found[39m[22m[1m: [1m[31mError[39m[22m[1m: Can't resolve '../scannerService' in 'C:\Users\austo\Downloads\PROJECT WORK\frontend\src\pages'[39m[22m

webpack compiled with [1m[31m2 errors[39m[22m
Files successfully emitted, waiting for typecheck results...
Issues checking in progress...
Compiling...
Compiled successfully!
webpack compiled [1m[32msuccessfully[39m[22m
Files successfully emitted, waiting for typecheck results...
Issues checking in progress...
Compiling...
Compiled successfully!
webpack compiled [1m[32msuccessfully[39m[22m
Files successfully emitted, waiting for typecheck results...
Issues checking in progress...
No issues found.
Compiling...
Compiled successfully!
webpack compiled [1m[32msuccessfully[39m[22m
Files successfully emitted, waiting for typecheck results...
Issues checking in progress...
No issues found.
Compiling...
Compiled successfully!
webpack compiled [1m[32msuccessfully[39m[22m
Files successfully emitted, waiting for typecheck results...
Issues checking in progress...
No issues found.
